<?xml version="1.0" encoding="UTF-8"?>
<!-- Generated by org.testng.reporters.JUnitReportReporter -->
<testsuite hostname="BA-000311899" failures="0" tests="1" name="com.Ninja.TestCases.TestCaseTest" time="4.495" errors="0" timestamp="2023-03-27T13:41:00 IST" skipped="0">
  <testcase classname="com.Ninja.TestCases.TestCaseTest" name="email_Validation" time="4.495"/>
  <system-out/>
</testsuite> <!-- com.Ninja.TestCases.TestCaseTest -->
