<?xml version="1.0" encoding="UTF-8"?>
<!-- Generated by org.testng.reporters.JUnitReportReporter -->
<testsuite hostname="BA-000311899" failures="0" tests="1" name="com.Ninja.TestCases.RegisterPageTestCases" time="8.584" errors="0" timestamp="2023-03-28T16:08:21 IST" skipped="0">
  <testcase classname="com.Ninja.TestCases.RegisterPageTestCases" name="registerPage_FormFilling" time="8.584"/>
  <system-out/>
</testsuite> <!-- com.Ninja.TestCases.RegisterPageTestCases -->
