<?xml version="1.0" encoding="UTF-8"?>
<!-- Generated by org.testng.reporters.JUnitReportReporter -->
<testsuite hostname="BA-000311899" failures="0" tests="3" name="com.Ninja.TestCases.LoginPageTestCases" time="40.829" errors="0" timestamp="2023-03-30T08:29:09 IST" skipped="0">
  <testcase classname="com.Ninja.TestCases.LoginPageTestCases" name="navigateTo_LoginPage" time="7.159"/>
  <system-out/>
  <testcase classname="com.Ninja.TestCases.LoginPageTestCases" name="loginPage_Validatioin" time="17.200"/>
  <system-out/>
  <testcase classname="com.Ninja.TestCases.LoginPageTestCases" name="accountPage_Validation" time="16.470"/>
  <system-out/>
</testsuite> <!-- com.Ninja.TestCases.LoginPageTestCases -->
