<?xml version="1.0" encoding="UTF-8"?>
<!-- Generated by org.testng.reporters.JUnitReportReporter -->
<testsuite hostname="BA-000311899" failures="0" tests="1" name="com.Ninja.TestCases.LoginPageTestCases" time="10.704" errors="0" timestamp="2023-04-03T08:20:55 IST" skipped="0">
  <testcase classname="com.Ninja.TestCases.LoginPageTestCases" name="loginPage_Validatioin" time="10.704"/>
  <system-out/>
</testsuite> <!-- com.Ninja.TestCases.LoginPageTestCases -->
