<?xml version="1.0" encoding="UTF-8"?>
<!-- Generated by org.testng.reporters.JUnitReportReporter -->
<testsuite hostname="BA-000311899" failures="0" tests="2" name="com.Luma.TestCases.RegisterPageTestCases" time="12.323" errors="0" timestamp="2023-04-10T07:49:04 IST" skipped="0">
  <testcase classname="com.Luma.TestCases.RegisterPageTestCases" name="navigate_To_Register" time="1.628"/>
  <system-out/>
  <testcase classname="com.Luma.TestCases.RegisterPageTestCases" name="register_Filling" time="10.695"/>
  <system-out/>
</testsuite> <!-- com.Luma.TestCases.RegisterPageTestCases -->
