<?xml version="1.0" encoding="UTF-8"?>
<!-- Generated by org.testng.reporters.JUnitReportReporter -->
<testsuite hostname="BA-000311899" failures="0" tests="2" name="com.Luma.TestCases.RegisterTestCases" time="13.140" errors="0" timestamp="2023-04-10T07:30:39 IST" skipped="0">
  <testcase classname="com.Luma.TestCases.RegisterTestCases" name="navigate_To_Register" time="1.822"/>
  <system-out/>
  <testcase classname="com.Luma.TestCases.RegisterTestCases" name="register_Filling" time="11.318"/>
  <system-out/>
</testsuite> <!-- com.Luma.TestCases.RegisterTestCases -->
