<?xml version="1.0" encoding="UTF-8"?>
<!-- Generated by org.testng.reporters.JUnitReportReporter -->
<testsuite hostname="BA-000311899" failures="0" tests="2" name="com.Ninja.TestCases.TestCaseTest" time="6.894" errors="0" timestamp="2023-03-23T07:34:36 IST" skipped="0">
  <testcase classname="com.Ninja.TestCases.TestCaseTest" name="loginPage" time="6.056"/>
  <system-out/>
  <testcase classname="com.Ninja.TestCases.TestCaseTest" name="registerPage" time="0.838"/>
  <system-out/>
</testsuite> <!-- com.Ninja.TestCases.TestCaseTest -->
