<?xml version="1.0" encoding="UTF-8"?>
<!-- Generated by org.testng.reporters.JUnitReportReporter -->
<testsuite hostname="BA-000311899" failures="0" tests="2" name="com.Luma.TestCases.RegisterPageTestCases" time="3.867" errors="0" timestamp="2023-04-10T08:36:31 IST" skipped="0">
  <testcase classname="com.Luma.TestCases.RegisterPageTestCases" name="navigate_To_Register" time="2.277"/>
  <system-out/>
  <testcase classname="com.Luma.TestCases.RegisterPageTestCases" name="register_Filling" time="1.590"/>
  <system-out/>
</testsuite> <!-- com.Luma.TestCases.RegisterPageTestCases -->
