<?xml version="1.0" encoding="UTF-8"?>
<!-- Generated by org.testng.reporters.JUnitReportReporter -->
<testsuite hostname="BA-000311899" failures="0" tests="3" name="com.Ninja.TestCases.TestCaseTest" time="29.010" errors="0" timestamp="2023-03-24T17:09:38 IST" skipped="0">
  <testcase classname="com.Ninja.TestCases.TestCaseTest" name="loginPage" time="7.049"/>
  <system-out/>
  <testcase classname="com.Ninja.TestCases.TestCaseTest" name="registerPage" time="9.792"/>
  <system-out/>
  <testcase classname="com.Ninja.TestCases.TestCaseTest" name="negtiveRegisterPage" time="12.169"/>
  <system-out/>
</testsuite> <!-- com.Ninja.TestCases.TestCaseTest -->
