<?xml version="1.0" encoding="UTF-8"?>
<!-- Generated by org.testng.reporters.JUnitReportReporter -->
<testsuite hostname="BA-000311899" failures="0" tests="1" name="com.Ninja.TestCases.LogOutPageTestCases" time="10.199" errors="0" timestamp="2023-04-03T08:47:26 IST" skipped="0">
  <testcase classname="com.Ninja.TestCases.LogOutPageTestCases" name="logOut_Validation" time="10.199"/>
  <system-out/>
</testsuite> <!-- com.Ninja.TestCases.LogOutPageTestCases -->
