<?xml version="1.0" encoding="UTF-8"?>
<!-- Generated by org.testng.reporters.JUnitReportReporter -->
<testsuite hostname="BA-000311899" failures="0" tests="1" name="com.Ninja.TestCases.TestCaseTest" time="7.983" errors="0" timestamp="2023-03-27T16:49:01 IST" skipped="0">
  <testcase classname="com.Ninja.TestCases.TestCaseTest" name="password_Validation" time="7.983"/>
  <system-out/>
</testsuite> <!-- com.Ninja.TestCases.TestCaseTest -->
